{"/Users/tay/Desktop/Projects/leads-web-api/knexfile.js": {"path":"/Users/tay/Desktop/Projects/leads-web-api/knexfile.js","statementMap":{"0":{"start":{"line":3,"column":0},"end":{"line":33,"column":2}}},"fnMap":{},"branchMap":{},"s":{"0":1},"f":{},"b":{},"_coverageSchema":"332fd63041d2c1bcb487cc26dd0d5f7d97098a6c","hash":"90d53f2d45d360a92e3c6b6b36bb15dcb55826b5"}
,"/Users/tay/Desktop/Projects/leads-web-api/migrations/20170829044256_users.js": {"path":"/Users/tay/Desktop/Projects/leads-web-api/migrations/20170829044256_users.js","statementMap":{"0":{"start":{"line":2,"column":0},"end":{"line":9,"column":2}},"1":{"start":{"line":3,"column":2},"end":{"line":8,"column":4}},"2":{"start":{"line":4,"column":4},"end":{"line":4,"column":26}},"3":{"start":{"line":5,"column":4},"end":{"line":5,"column":29}},"4":{"start":{"line":6,"column":4},"end":{"line":6,"column":25}},"5":{"start":{"line":7,"column":4},"end":{"line":7,"column":24}},"6":{"start":{"line":11,"column":0},"end":{"line":13,"column":2}},"7":{"start":{"line":12,"column":2},"end":{"line":12,"column":47}}},"fnMap":{"0":{"name":"(anonymous_0)","decl":{"start":{"line":2,"column":13},"end":{"line":2,"column":14}},"loc":{"start":{"line":2,"column":37},"end":{"line":9,"column":1}},"line":2},"1":{"name":"(anonymous_1)","decl":{"start":{"line":3,"column":53},"end":{"line":3,"column":54}},"loc":{"start":{"line":3,"column":62},"end":{"line":8,"column":3}},"line":3},"2":{"name":"(anonymous_2)","decl":{"start":{"line":11,"column":15},"end":{"line":11,"column":16}},"loc":{"start":{"line":11,"column":39},"end":{"line":13,"column":1}},"line":11}},"branchMap":{},"s":{"0":1,"1":2,"2":2,"3":2,"4":2,"5":2,"6":1,"7":0},"f":{"0":2,"1":2,"2":0},"b":{},"_coverageSchema":"332fd63041d2c1bcb487cc26dd0d5f7d97098a6c","hash":"d4dbc6bf40168b668188702ead4fb041913df6ad"}
,"/Users/tay/Desktop/Projects/leads-web-api/migrations/20180720094840_posts.js": {"path":"/Users/tay/Desktop/Projects/leads-web-api/migrations/20180720094840_posts.js","statementMap":{"0":{"start":{"line":2,"column":0},"end":{"line":13,"column":2}},"1":{"start":{"line":3,"column":2},"end":{"line":12,"column":4}},"2":{"start":{"line":4,"column":4},"end":{"line":4,"column":36}},"3":{"start":{"line":5,"column":4},"end":{"line":5,"column":27}},"4":{"start":{"line":6,"column":4},"end":{"line":6,"column":25}},"5":{"start":{"line":7,"column":4},"end":{"line":7,"column":25}},"6":{"start":{"line":8,"column":4},"end":{"line":8,"column":31}},"7":{"start":{"line":9,"column":4},"end":{"line":9,"column":21}},"8":{"start":{"line":10,"column":4},"end":{"line":10,"column":22}},"9":{"start":{"line":11,"column":4},"end":{"line":11,"column":28}},"10":{"start":{"line":15,"column":0},"end":{"line":17,"column":2}},"11":{"start":{"line":16,"column":2},"end":{"line":16,"column":47}}},"fnMap":{"0":{"name":"(anonymous_0)","decl":{"start":{"line":2,"column":13},"end":{"line":2,"column":14}},"loc":{"start":{"line":2,"column":37},"end":{"line":13,"column":1}},"line":2},"1":{"name":"(anonymous_1)","decl":{"start":{"line":3,"column":53},"end":{"line":3,"column":54}},"loc":{"start":{"line":3,"column":62},"end":{"line":12,"column":3}},"line":3},"2":{"name":"(anonymous_2)","decl":{"start":{"line":15,"column":15},"end":{"line":15,"column":16}},"loc":{"start":{"line":15,"column":39},"end":{"line":17,"column":1}},"line":15}},"branchMap":{},"s":{"0":1,"1":2,"2":2,"3":2,"4":2,"5":2,"6":2,"7":2,"8":2,"9":2,"10":1,"11":0},"f":{"0":2,"1":2,"2":0},"b":{},"_coverageSchema":"332fd63041d2c1bcb487cc26dd0d5f7d97098a6c","hash":"ed9e6f0466b804e47091f18a0a7277dd34348340"}
,"/Users/tay/Desktop/Projects/leads-web-api/migrations/20180722001305_messages.js": {"path":"/Users/tay/Desktop/Projects/leads-web-api/migrations/20180722001305_messages.js","statementMap":{"0":{"start":{"line":2,"column":0},"end":{"line":10,"column":4}},"1":{"start":{"line":3,"column":4},"end":{"line":9,"column":6}},"2":{"start":{"line":4,"column":6},"end":{"line":4,"column":38}},"3":{"start":{"line":5,"column":6},"end":{"line":5,"column":32}},"4":{"start":{"line":6,"column":6},"end":{"line":6,"column":34}},"5":{"start":{"line":7,"column":6},"end":{"line":7,"column":29}},"6":{"start":{"line":8,"column":6},"end":{"line":8,"column":59}},"7":{"start":{"line":12,"column":2},"end":{"line":14,"column":4}},"8":{"start":{"line":13,"column":4},"end":{"line":13,"column":52}}},"fnMap":{"0":{"name":"(anonymous_0)","decl":{"start":{"line":2,"column":13},"end":{"line":2,"column":14}},"loc":{"start":{"line":2,"column":37},"end":{"line":10,"column":3}},"line":2},"1":{"name":"(anonymous_1)","decl":{"start":{"line":3,"column":58},"end":{"line":3,"column":59}},"loc":{"start":{"line":3,"column":67},"end":{"line":9,"column":5}},"line":3},"2":{"name":"(anonymous_2)","decl":{"start":{"line":12,"column":17},"end":{"line":12,"column":18}},"loc":{"start":{"line":12,"column":41},"end":{"line":14,"column":3}},"line":12}},"branchMap":{},"s":{"0":1,"1":2,"2":2,"3":2,"4":2,"5":2,"6":2,"7":1,"8":0},"f":{"0":2,"1":2,"2":0},"b":{},"_coverageSchema":"332fd63041d2c1bcb487cc26dd0d5f7d97098a6c","hash":"1063c4bc7b1a985da1c2fbc3a5b6f722ae41e32c"}
,"/Users/tay/Desktop/Projects/leads-web-api/migrations/20180723093154_comments.js": {"path":"/Users/tay/Desktop/Projects/leads-web-api/migrations/20180723093154_comments.js","statementMap":{"0":{"start":{"line":2,"column":0},"end":{"line":10,"column":4}},"1":{"start":{"line":3,"column":4},"end":{"line":9,"column":6}},"2":{"start":{"line":4,"column":6},"end":{"line":4,"column":38}},"3":{"start":{"line":5,"column":6},"end":{"line":5,"column":30}},"4":{"start":{"line":6,"column":6},"end":{"line":6,"column":30}},"5":{"start":{"line":7,"column":6},"end":{"line":7,"column":29}},"6":{"start":{"line":8,"column":6},"end":{"line":8,"column":63}},"7":{"start":{"line":12,"column":2},"end":{"line":14,"column":4}},"8":{"start":{"line":13,"column":4},"end":{"line":13,"column":52}}},"fnMap":{"0":{"name":"(anonymous_0)","decl":{"start":{"line":2,"column":13},"end":{"line":2,"column":14}},"loc":{"start":{"line":2,"column":37},"end":{"line":10,"column":3}},"line":2},"1":{"name":"(anonymous_1)","decl":{"start":{"line":3,"column":58},"end":{"line":3,"column":59}},"loc":{"start":{"line":3,"column":67},"end":{"line":9,"column":5}},"line":3},"2":{"name":"(anonymous_2)","decl":{"start":{"line":12,"column":17},"end":{"line":12,"column":18}},"loc":{"start":{"line":12,"column":41},"end":{"line":14,"column":3}},"line":12}},"branchMap":{},"s":{"0":1,"1":2,"2":2,"3":2,"4":2,"5":2,"6":2,"7":1,"8":0},"f":{"0":2,"1":2,"2":0},"b":{},"_coverageSchema":"332fd63041d2c1bcb487cc26dd0d5f7d97098a6c","hash":"34ad161178296feb04cbf0c8eb61b304bb0426a0"}
,"/Users/tay/Desktop/Projects/leads-web-api/seeds/comments.js": {"path":"/Users/tay/Desktop/Projects/leads-web-api/seeds/comments.js","statementMap":{"0":{"start":{"line":2,"column":0},"end":{"line":14,"column":2}},"1":{"start":{"line":4,"column":2},"end":{"line":13,"column":7}},"2":{"start":{"line":7,"column":6},"end":{"line":12,"column":9}}},"fnMap":{"0":{"name":"(anonymous_0)","decl":{"start":{"line":2,"column":15},"end":{"line":2,"column":16}},"loc":{"start":{"line":2,"column":39},"end":{"line":14,"column":1}},"line":2},"1":{"name":"(anonymous_1)","decl":{"start":{"line":5,"column":10},"end":{"line":5,"column":11}},"loc":{"start":{"line":5,"column":22},"end":{"line":13,"column":5}},"line":5}},"branchMap":{},"s":{"0":1,"1":2,"2":2},"f":{"0":2,"1":2},"b":{},"_coverageSchema":"332fd63041d2c1bcb487cc26dd0d5f7d97098a6c","hash":"73dff52c73650c1ff32b0f3cbd8e855d802d26cf"}
,"/Users/tay/Desktop/Projects/leads-web-api/seeds/populate_messages.js": {"path":"/Users/tay/Desktop/Projects/leads-web-api/seeds/populate_messages.js","statementMap":{"0":{"start":{"line":2,"column":0},"end":{"line":13,"column":2}},"1":{"start":{"line":4,"column":2},"end":{"line":12,"column":7}},"2":{"start":{"line":7,"column":6},"end":{"line":11,"column":9}}},"fnMap":{"0":{"name":"(anonymous_0)","decl":{"start":{"line":2,"column":15},"end":{"line":2,"column":16}},"loc":{"start":{"line":2,"column":39},"end":{"line":13,"column":1}},"line":2},"1":{"name":"(anonymous_1)","decl":{"start":{"line":5,"column":10},"end":{"line":5,"column":11}},"loc":{"start":{"line":5,"column":22},"end":{"line":12,"column":5}},"line":5}},"branchMap":{},"s":{"0":1,"1":2,"2":2},"f":{"0":2,"1":2},"b":{},"_coverageSchema":"332fd63041d2c1bcb487cc26dd0d5f7d97098a6c","hash":"46d1135445386dc76106ed5abfd8554abd2c40a5"}
,"/Users/tay/Desktop/Projects/leads-web-api/seeds/posts.js": {"path":"/Users/tay/Desktop/Projects/leads-web-api/seeds/posts.js","statementMap":{"0":{"start":{"line":2,"column":0},"end":{"line":15,"column":2}},"1":{"start":{"line":4,"column":2},"end":{"line":14,"column":7}},"2":{"start":{"line":7,"column":6},"end":{"line":13,"column":9}}},"fnMap":{"0":{"name":"(anonymous_0)","decl":{"start":{"line":2,"column":15},"end":{"line":2,"column":16}},"loc":{"start":{"line":2,"column":40},"end":{"line":15,"column":1}},"line":2},"1":{"name":"(anonymous_1)","decl":{"start":{"line":5,"column":10},"end":{"line":5,"column":11}},"loc":{"start":{"line":5,"column":22},"end":{"line":14,"column":5}},"line":5}},"branchMap":{},"s":{"0":1,"1":2,"2":2},"f":{"0":2,"1":2},"b":{},"_coverageSchema":"332fd63041d2c1bcb487cc26dd0d5f7d97098a6c","hash":"87eabae4e6e6b81564bd130efbddfdeb870810f6"}
,"/Users/tay/Desktop/Projects/leads-web-api/seeds/users.js": {"path":"/Users/tay/Desktop/Projects/leads-web-api/seeds/users.js","statementMap":{"0":{"start":{"line":2,"column":0},"end":{"line":11,"column":2}},"1":{"start":{"line":4,"column":2},"end":{"line":10,"column":7}},"2":{"start":{"line":7,"column":6},"end":{"line":9,"column":9}}},"fnMap":{"0":{"name":"(anonymous_0)","decl":{"start":{"line":2,"column":15},"end":{"line":2,"column":16}},"loc":{"start":{"line":2,"column":39},"end":{"line":11,"column":1}},"line":2},"1":{"name":"(anonymous_1)","decl":{"start":{"line":5,"column":10},"end":{"line":5,"column":11}},"loc":{"start":{"line":5,"column":22},"end":{"line":10,"column":5}},"line":5}},"branchMap":{},"s":{"0":1,"1":2,"2":2},"f":{"0":2,"1":2},"b":{},"_coverageSchema":"332fd63041d2c1bcb487cc26dd0d5f7d97098a6c","hash":"8b7d59a162444cbc31c414d7ec82565287188187"}
,"/Users/tay/Desktop/Projects/leads-web-api/server/db/comments.js": {"path":"/Users/tay/Desktop/Projects/leads-web-api/server/db/comments.js","statementMap":{"0":{"start":{"line":1,"column":13},"end":{"line":1,"column":36}},"1":{"start":{"line":4,"column":15},"end":{"line":4,"column":29}},"2":{"start":{"line":6,"column":4},"end":{"line":9,"column":38}},"3":{"start":{"line":13,"column":15},"end":{"line":13,"column":29}},"4":{"start":{"line":15,"column":4},"end":{"line":16,"column":20}},"5":{"start":{"line":20,"column":15},"end":{"line":20,"column":29}},"6":{"start":{"line":22,"column":4},"end":{"line":24,"column":12}},"7":{"start":{"line":27,"column":0},"end":{"line":31,"column":1}}},"fnMap":{"0":{"name":"getComments","decl":{"start":{"line":3,"column":9},"end":{"line":3,"column":20}},"loc":{"start":{"line":3,"column":38},"end":{"line":10,"column":1}},"line":3},"1":{"name":"addComment","decl":{"start":{"line":12,"column":9},"end":{"line":12,"column":19}},"loc":{"start":{"line":12,"column":38},"end":{"line":17,"column":1}},"line":12},"2":{"name":"deleteCommentById","decl":{"start":{"line":19,"column":9},"end":{"line":19,"column":26}},"loc":{"start":{"line":19,"column":39},"end":{"line":25,"column":3}},"line":19}},"branchMap":{"0":{"loc":{"start":{"line":4,"column":15},"end":{"line":4,"column":29}},"type":"binary-expr","locations":[{"start":{"line":4,"column":15},"end":{"line":4,"column":21}},{"start":{"line":4,"column":25},"end":{"line":4,"column":29}}],"line":4},"1":{"loc":{"start":{"line":13,"column":15},"end":{"line":13,"column":29}},"type":"binary-expr","locations":[{"start":{"line":13,"column":15},"end":{"line":13,"column":21}},{"start":{"line":13,"column":25},"end":{"line":13,"column":29}}],"line":13},"2":{"loc":{"start":{"line":20,"column":15},"end":{"line":20,"column":29}},"type":"binary-expr","locations":[{"start":{"line":20,"column":15},"end":{"line":20,"column":21}},{"start":{"line":20,"column":25},"end":{"line":20,"column":29}}],"line":20}},"s":{"0":1,"1":0,"2":0,"3":0,"4":0,"5":0,"6":0,"7":1},"f":{"0":0,"1":0,"2":0},"b":{"0":[0,0],"1":[0,0],"2":[0,0]},"_coverageSchema":"332fd63041d2c1bcb487cc26dd0d5f7d97098a6c","hash":"4fbb91368e5569ce300415e01508571151d53986"}
,"/Users/tay/Desktop/Projects/leads-web-api/server/db/connection.js": {"path":"/Users/tay/Desktop/Projects/leads-web-api/server/db/connection.js","statementMap":{"0":{"start":{"line":1,"column":13},"end":{"line":1,"column":28}},"1":{"start":{"line":2,"column":15},"end":{"line":2,"column":79}},"2":{"start":{"line":3,"column":19},"end":{"line":3,"column":31}},"3":{"start":{"line":5,"column":0},"end":{"line":5,"column":27}}},"fnMap":{},"branchMap":{"0":{"loc":{"start":{"line":2,"column":41},"end":{"line":2,"column":78}},"type":"binary-expr","locations":[{"start":{"line":2,"column":41},"end":{"line":2,"column":61}},{"start":{"line":2,"column":65},"end":{"line":2,"column":78}}],"line":2}},"s":{"0":1,"1":1,"2":1,"3":1},"f":{},"b":{"0":[1,0]},"_coverageSchema":"332fd63041d2c1bcb487cc26dd0d5f7d97098a6c","hash":"d08baf1474b049cff7de88d566eae59f12c4f076"}
,"/Users/tay/Desktop/Projects/leads-web-api/server/db/posts.js": {"path":"/Users/tay/Desktop/Projects/leads-web-api/server/db/posts.js","statementMap":{"0":{"start":{"line":1,"column":13},"end":{"line":1,"column":36}},"1":{"start":{"line":4,"column":13},"end":{"line":4,"column":27}},"2":{"start":{"line":6,"column":2},"end":{"line":9,"column":31}},"3":{"start":{"line":13,"column":13},"end":{"line":13,"column":27}},"4":{"start":{"line":15,"column":2},"end":{"line":16,"column":17}},"5":{"start":{"line":20,"column":13},"end":{"line":20,"column":27}},"6":{"start":{"line":22,"column":2},"end":{"line":26,"column":12}},"7":{"start":{"line":30,"column":13},"end":{"line":30,"column":27}},"8":{"start":{"line":32,"column":2},"end":{"line":35,"column":25}},"9":{"start":{"line":39,"column":13},"end":{"line":39,"column":27}},"10":{"start":{"line":41,"column":2},"end":{"line":43,"column":10}},"11":{"start":{"line":46,"column":0},"end":{"line":52,"column":1}}},"fnMap":{"0":{"name":"getPosts","decl":{"start":{"line":3,"column":9},"end":{"line":3,"column":17}},"loc":{"start":{"line":3,"column":26},"end":{"line":10,"column":1}},"line":3},"1":{"name":"addPost","decl":{"start":{"line":12,"column":9},"end":{"line":12,"column":16}},"loc":{"start":{"line":12,"column":31},"end":{"line":17,"column":1}},"line":12},"2":{"name":"getPostByPostId","decl":{"start":{"line":19,"column":9},"end":{"line":19,"column":24}},"loc":{"start":{"line":19,"column":37},"end":{"line":27,"column":1}},"line":19},"3":{"name":"getPostsByUserId","decl":{"start":{"line":29,"column":9},"end":{"line":29,"column":25}},"loc":{"start":{"line":29,"column":38},"end":{"line":36,"column":1}},"line":29},"4":{"name":"deletePostById","decl":{"start":{"line":38,"column":9},"end":{"line":38,"column":23}},"loc":{"start":{"line":38,"column":36},"end":{"line":44,"column":1}},"line":38}},"branchMap":{"0":{"loc":{"start":{"line":4,"column":13},"end":{"line":4,"column":27}},"type":"binary-expr","locations":[{"start":{"line":4,"column":13},"end":{"line":4,"column":19}},{"start":{"line":4,"column":23},"end":{"line":4,"column":27}}],"line":4},"1":{"loc":{"start":{"line":13,"column":13},"end":{"line":13,"column":27}},"type":"binary-expr","locations":[{"start":{"line":13,"column":13},"end":{"line":13,"column":19}},{"start":{"line":13,"column":23},"end":{"line":13,"column":27}}],"line":13},"2":{"loc":{"start":{"line":20,"column":13},"end":{"line":20,"column":27}},"type":"binary-expr","locations":[{"start":{"line":20,"column":13},"end":{"line":20,"column":19}},{"start":{"line":20,"column":23},"end":{"line":20,"column":27}}],"line":20},"3":{"loc":{"start":{"line":30,"column":13},"end":{"line":30,"column":27}},"type":"binary-expr","locations":[{"start":{"line":30,"column":13},"end":{"line":30,"column":19}},{"start":{"line":30,"column":23},"end":{"line":30,"column":27}}],"line":30},"4":{"loc":{"start":{"line":39,"column":13},"end":{"line":39,"column":27}},"type":"binary-expr","locations":[{"start":{"line":39,"column":13},"end":{"line":39,"column":19}},{"start":{"line":39,"column":23},"end":{"line":39,"column":27}}],"line":39}},"s":{"0":1,"1":1,"2":1,"3":0,"4":0,"5":0,"6":0,"7":0,"8":0,"9":0,"10":0,"11":1},"f":{"0":1,"1":0,"2":0,"3":0,"4":0},"b":{"0":[1,0],"1":[0,0],"2":[0,0],"3":[0,0],"4":[0,0]},"_coverageSchema":"332fd63041d2c1bcb487cc26dd0d5f7d97098a6c","hash":"766074b9b2bd8c402197a7560a47bc4af486e17b"}
,"/Users/tay/Desktop/Projects/leads-web-api/test/server/db/test-environment.js": {"path":"/Users/tay/Desktop/Projects/leads-web-api/test/server/db/test-environment.js","statementMap":{"0":{"start":{"line":1,"column":13},"end":{"line":1,"column":28}},"1":{"start":{"line":3,"column":19},"end":{"line":3,"column":52}},"2":{"start":{"line":5,"column":0},"end":{"line":22,"column":1}},"3":{"start":{"line":7,"column":19},"end":{"line":7,"column":35}},"4":{"start":{"line":12,"column":4},"end":{"line":15,"column":8}},"5":{"start":{"line":14,"column":8},"end":{"line":14,"column":28}},"6":{"start":{"line":20,"column":4},"end":{"line":20,"column":23}}},"fnMap":{"0":{"name":"(anonymous_0)","decl":{"start":{"line":7,"column":13},"end":{"line":7,"column":14}},"loc":{"start":{"line":7,"column":19},"end":{"line":7,"column":35}},"line":7},"1":{"name":"(anonymous_1)","decl":{"start":{"line":11,"column":14},"end":{"line":11,"column":15}},"loc":{"start":{"line":11,"column":22},"end":{"line":16,"column":3}},"line":11},"2":{"name":"(anonymous_2)","decl":{"start":{"line":13,"column":12},"end":{"line":13,"column":13}},"loc":{"start":{"line":13,"column":18},"end":{"line":15,"column":7}},"line":13},"3":{"name":"(anonymous_3)","decl":{"start":{"line":19,"column":11},"end":{"line":19,"column":12}},"loc":{"start":{"line":19,"column":19},"end":{"line":21,"column":3}},"line":19}},"branchMap":{},"s":{"0":1,"1":1,"2":1,"3":2,"4":2,"5":2,"6":2},"f":{"0":2,"1":2,"2":2,"3":2},"b":{},"_coverageSchema":"332fd63041d2c1bcb487cc26dd0d5f7d97098a6c","hash":"9c29f9e5651ae9800dec6925eed6a3d4164a0a57"}
}
