TN:
SF:/Users/tay/Desktop/Projects/leads-web-api/knexfile.js
FNF:0
FNH:0
DA:3,1
LF:1
LH:1
BRF:0
BRH:0
end_of_record
TN:
SF:/Users/tay/Desktop/Projects/leads-web-api/migrations/20170829044256_users.js
FN:2,(anonymous_0)
FN:3,(anonymous_1)
FN:11,(anonymous_2)
FNF:3
FNH:2
FNDA:1,(anonymous_0)
FNDA:1,(anonymous_1)
FNDA:0,(anonymous_2)
DA:2,1
DA:3,1
DA:4,1
DA:5,1
DA:6,1
DA:7,1
DA:11,1
DA:12,0
LF:8
LH:7
BRF:0
BRH:0
end_of_record
TN:
SF:/Users/tay/Desktop/Projects/leads-web-api/migrations/20180720094840_posts.js
FN:2,(anonymous_0)
FN:3,(anonymous_1)
FN:15,(anonymous_2)
FNF:3
FNH:2
FNDA:1,(anonymous_0)
FNDA:1,(anonymous_1)
FNDA:0,(anonymous_2)
DA:2,1
DA:3,1
DA:4,1
DA:5,1
DA:6,1
DA:7,1
DA:8,1
DA:9,1
DA:10,1
DA:11,1
DA:15,1
DA:16,0
LF:12
LH:11
BRF:0
BRH:0
end_of_record
TN:
SF:/Users/tay/Desktop/Projects/leads-web-api/migrations/20180722001305_messages.js
FN:2,(anonymous_0)
FN:3,(anonymous_1)
FN:12,(anonymous_2)
FNF:3
FNH:2
FNDA:1,(anonymous_0)
FNDA:1,(anonymous_1)
FNDA:0,(anonymous_2)
DA:2,1
DA:3,1
DA:4,1
DA:5,1
DA:6,1
DA:7,1
DA:8,1
DA:12,1
DA:13,0
LF:9
LH:8
BRF:0
BRH:0
end_of_record
TN:
SF:/Users/tay/Desktop/Projects/leads-web-api/migrations/20180723093154_comments.js
FN:2,(anonymous_0)
FN:3,(anonymous_1)
FN:12,(anonymous_2)
FNF:3
FNH:2
FNDA:1,(anonymous_0)
FNDA:1,(anonymous_1)
FNDA:0,(anonymous_2)
DA:2,1
DA:3,1
DA:4,1
DA:5,1
DA:6,1
DA:7,1
DA:8,1
DA:12,1
DA:13,0
LF:9
LH:8
BRF:0
BRH:0
end_of_record
TN:
SF:/Users/tay/Desktop/Projects/leads-web-api/seeds/populate_messages.js
FN:2,(anonymous_0)
FN:5,(anonymous_1)
FNF:2
FNH:2
FNDA:1,(anonymous_0)
FNDA:1,(anonymous_1)
DA:2,1
DA:4,1
DA:7,1
LF:3
LH:3
BRF:0
BRH:0
end_of_record
TN:
SF:/Users/tay/Desktop/Projects/leads-web-api/seeds/posts.js
FN:2,(anonymous_0)
FN:5,(anonymous_1)
FNF:2
FNH:2
FNDA:1,(anonymous_0)
FNDA:1,(anonymous_1)
DA:2,1
DA:4,1
DA:7,1
LF:3
LH:3
BRF:0
BRH:0
end_of_record
TN:
SF:/Users/tay/Desktop/Projects/leads-web-api/seeds/users.js
FN:2,(anonymous_0)
FN:5,(anonymous_1)
FNF:2
FNH:2
FNDA:1,(anonymous_0)
FNDA:1,(anonymous_1)
DA:2,1
DA:4,1
DA:7,1
LF:3
LH:3
BRF:0
BRH:0
end_of_record
TN:
SF:/Users/tay/Desktop/Projects/leads-web-api/server/db/comments.js
FN:3,getComments
FN:12,addComment
FN:19,deleteCommentById
FNF:3
FNH:0
FNDA:0,getComments
FNDA:0,addComment
FNDA:0,deleteCommentById
DA:1,1
DA:4,0
DA:6,0
DA:13,0
DA:15,0
DA:20,0
DA:22,0
DA:27,1
LF:8
LH:2
BRDA:4,0,0,0
BRDA:4,0,1,0
BRDA:13,1,0,0
BRDA:13,1,1,0
BRDA:20,2,0,0
BRDA:20,2,1,0
BRF:6
BRH:0
end_of_record
TN:
SF:/Users/tay/Desktop/Projects/leads-web-api/server/db/connection.js
FNF:0
FNH:0
DA:1,1
DA:2,1
DA:3,1
DA:5,1
LF:4
LH:4
BRDA:2,0,0,1
BRDA:2,0,1,0
BRF:2
BRH:1
end_of_record
TN:
SF:/Users/tay/Desktop/Projects/leads-web-api/server/db/posts.js
FN:3,getPosts
FN:12,addPost
FN:19,getPostByPostId
FN:29,getPostsByUserId
FN:38,deletePostById
FNF:5
FNH:0
FNDA:0,getPosts
FNDA:0,addPost
FNDA:0,getPostByPostId
FNDA:0,getPostsByUserId
FNDA:0,deletePostById
DA:1,1
DA:4,0
DA:6,0
DA:13,0
DA:15,0
DA:20,0
DA:22,0
DA:30,0
DA:32,0
DA:39,0
DA:41,0
DA:46,1
LF:12
LH:2
BRDA:4,0,0,0
BRDA:4,0,1,0
BRDA:13,1,0,0
BRDA:13,1,1,0
BRDA:20,2,0,0
BRDA:20,2,1,0
BRDA:30,3,0,0
BRDA:30,3,1,0
BRDA:39,4,0,0
BRDA:39,4,1,0
BRF:10
BRH:0
end_of_record
TN:
SF:/Users/tay/Desktop/Projects/leads-web-api/test/server/db/test-environment.js
FN:7,(anonymous_0)
FN:11,(anonymous_1)
FN:13,(anonymous_2)
FN:19,(anonymous_3)
FNF:4
FNH:4
FNDA:1,(anonymous_0)
FNDA:1,(anonymous_1)
FNDA:1,(anonymous_2)
FNDA:1,(anonymous_3)
DA:1,1
DA:3,1
DA:5,1
DA:7,1
DA:12,1
DA:14,1
DA:20,1
LF:7
LH:7
BRF:0
BRH:0
end_of_record
